INFO: [VRFC 10-2263] Analyzing Verilog file "C:/Users/Waragon/Downloads/HW_SynLab/HW-Syn-Lab/undertale_v3/undertale_v3.srcs/sources_1/new/GroupnameRom.v" into library xil_defaultlib
INFO: [VRFC 10-311] analyzing module GroupnameRom
INFO: [VRFC 10-2263] Analyzing Verilog file "C:/Users/Waragon/Downloads/HW_SynLab/HW-Syn-Lab/undertale_v3/undertale_v3.srcs/sources_1/new/GroupnameSprite.v" into library xil_defaultlib
INFO: [VRFC 10-311] analyzing module GroupnameSprite
INFO: [VRFC 10-2263] Analyzing Verilog file "C:/Users/Waragon/Downloads/HW_SynLab/HW-Syn-Lab/undertale_v3/undertale_v3.srcs/sources_1/new/MembersRom.v" into library xil_defaultlib
INFO: [VRFC 10-311] analyzing module MembersRom
INFO: [VRFC 10-2263] Analyzing Verilog file "C:/Users/Waragon/Downloads/HW_SynLab/HW-Syn-Lab/undertale_v3/undertale_v3.srcs/sources_1/new/MembersSprite.v" into library xil_defaultlib
INFO: [VRFC 10-311] analyzing module MembersSprite
INFO: [VRFC 10-2263] Analyzing Verilog file "C:/Users/Waragon/Downloads/HW_SynLab/HW-Syn-Lab/undertale_v3/undertale_v3.srcs/sources_1/new/StartRom.v" into library xil_defaultlib
INFO: [VRFC 10-311] analyzing module StartRom
INFO: [VRFC 10-2263] Analyzing Verilog file "C:/Users/Waragon/Downloads/HW_SynLab/HW-Syn-Lab/undertale_v3/undertale_v3.srcs/sources_1/new/StartSprite.v" into library xil_defaultlib
INFO: [VRFC 10-311] analyzing module StartSprite
INFO: [VRFC 10-2263] Analyzing Verilog file "C:/Users/Waragon/Downloads/HW_SynLab/HW-Syn-Lab/undertale_v3/undertale_v3.srcs/sources_1/new/key2ascii.v" into library xil_defaultlib
INFO: [VRFC 10-311] analyzing module key2ascii
INFO: [VRFC 10-2263] Analyzing Verilog file "C:/Users/Waragon/Downloads/HW_SynLab/HW-Syn-Lab/undertale_v3/undertale_v3.srcs/sources_1/new/keyboard.v" into library xil_defaultlib
INFO: [VRFC 10-311] analyzing module keyboard
INFO: [VRFC 10-2263] Analyzing Verilog file "C:/Users/Waragon/Downloads/HW_SynLab/HW-Syn-Lab/undertale_v3/undertale_v3.srcs/sources_1/new/ps2_rx.v" into library xil_defaultlib
INFO: [VRFC 10-311] analyzing module ps2_rx
INFO: [VRFC 10-2263] Analyzing Verilog file "C:/Users/Waragon/Downloads/HW_SynLab/HW-Syn-Lab/undertale_v3/undertale_v3.srcs/sources_1/new/vga640x480.v" into library xil_defaultlib
INFO: [VRFC 10-311] analyzing module vga640x480
INFO: [VRFC 10-2263] Analyzing Verilog file "C:/Users/Waragon/Downloads/HW_SynLab/HW-Syn-Lab/undertale_v3/undertale_v3.srcs/sources_1/new/Top.v" into library xil_defaultlib
INFO: [VRFC 10-311] analyzing module Top
INFO: [VRFC 10-2263] Analyzing Verilog file "C:/Users/Waragon/Downloads/HW_SynLab/HW-Syn-Lab/undertale_v3/undertale_v3.sim/sim_1/behav/xsim/glbl.v" into library xil_defaultlib
INFO: [VRFC 10-311] analyzing module glbl
